<?xml version="1.0" encoding="UTF-8"?>
<testng-results ignored="0" total="2" passed="2" failed="0" skipped="0">
  <reporter-output>
  </reporter-output>
  <suite started-at="2023-02-19T09:03:34 MST" name="Default suite" finished-at="2023-02-19T09:03:40 MST" duration-ms="6280">
    <groups>
    </groups>
    <test started-at="2023-02-19T09:03:34 MST" name="Default test" finished-at="2023-02-19T09:03:40 MST" duration-ms="6280">
      <class name="testcases.LoginTest">
        <test-method is-config="true" signature="setBrowser()[pri:0, instance:testcases.LoginTest@6fd83fc1]" started-at="2023-02-19T09:03:35 MST" name="setBrowser" finished-at="2023-02-19T09:03:37 MST" duration-ms="2755" status="PASS">
          <reporter-output>
          </reporter-output>
        </test-method> <!-- setBrowser -->
        <test-method signature="LoginToApplication(java.lang.String,java.lang.String)[pri:0, instance:testcases.LoginTest@6fd83fc1]" started-at="2023-02-19T09:03:37 MST" name="LoginToApplication" data-provider="loginDetails" finished-at="2023-02-19T09:03:38 MST" duration-ms="234" status="PASS">
          <params>
            <param index="0">
              <value>
                <![CDATA[ineuron@ineuron.ai]]>
              </value>
            </param>
            <param index="1">
              <value>
                <![CDATA[ineuron]]>
              </value>
            </param>
          </params>
          <reporter-output>
          </reporter-output>
        </test-method> <!-- LoginToApplication -->
        <test-method is-config="true" signature="closeBrowser()[pri:0, instance:testcases.LoginTest@6fd83fc1]" started-at="2023-02-19T09:03:38 MST" name="closeBrowser" finished-at="2023-02-19T09:03:38 MST" duration-ms="478" status="PASS">
          <reporter-output>
          </reporter-output>
        </test-method> <!-- closeBrowser -->
        <test-method is-config="true" signature="setBrowser()[pri:0, instance:testcases.LoginTest@6fd83fc1]" started-at="2023-02-19T09:03:38 MST" name="setBrowser" finished-at="2023-02-19T09:03:40 MST" duration-ms="1438" status="PASS">
          <reporter-output>
          </reporter-output>
        </test-method> <!-- setBrowser -->
        <test-method signature="LoginToApplication(java.lang.String,java.lang.String)[pri:0, instance:testcases.LoginTest@6fd83fc1]" started-at="2023-02-19T09:03:40 MST" name="LoginToApplication" data-provider="loginDetails" finished-at="2023-02-19T09:03:40 MST" duration-ms="184" status="PASS">
          <params>
            <param index="0">
              <value>
                <![CDATA[admin@gmail.com]]>
              </value>
            </param>
            <param index="1">
              <value>
                <![CDATA[admin]]>
              </value>
            </param>
          </params>
          <reporter-output>
          </reporter-output>
        </test-method> <!-- LoginToApplication -->
        <test-method is-config="true" signature="closeBrowser()[pri:0, instance:testcases.LoginTest@6fd83fc1]" started-at="2023-02-19T09:03:40 MST" name="closeBrowser" finished-at="2023-02-19T09:03:40 MST" duration-ms="511" status="PASS">
          <reporter-output>
          </reporter-output>
        </test-method> <!-- closeBrowser -->
      </class> <!-- testcases.LoginTest -->
    </test> <!-- Default test -->
  </suite> <!-- Default suite -->
</testng-results>
